{"/home/itlight/dev/hermes-cms/apps/content-management-engine/src/app/(payload)/api/templates/deploy/route.ts": {"path":"/home/itlight/dev/hermes-cms/apps/content-management-engine/src/app/(payload)/api/templates/deploy/route.ts","statementMap":{"0":{"start":{"line":14,"column":2},"end":{"line":66,"column":3}},"1":{"start":{"line":15,"column":20},"end":{"line":15,"column":38}},"2":{"start":{"line":16,"column":20},"end":{"line":16,"column":62}},"3":{"start":{"line":17,"column":21},"end":{"line":17,"column":52}},"4":{"start":{"line":19,"column":4},"end":{"line":21,"column":5}},"5":{"start":{"line":20,"column":6},"end":{"line":20,"column":null}},"6":{"start":{"line":23,"column":17},"end":{"line":23,"column":33}},"7":{"start":{"line":24,"column":35},"end":{"line":24,"column":39}},"8":{"start":{"line":26,"column":4},"end":{"line":31,"column":5}},"9":{"start":{"line":27,"column":6},"end":{"line":30,"column":null}},"10":{"start":{"line":33,"column":19},"end":{"line":33,"column":43}},"11":{"start":{"line":34,"column":4},"end":{"line":46,"column":5}},"12":{"start":{"line":35,"column":6},"end":{"line":42,"column":7}},"13":{"start":{"line":36,"column":21},"end":{"line":40,"column":10}},"14":{"start":{"line":41,"column":8},"end":{"line":41,"column":null}},"15":{"start":{"line":43,"column":6},"end":{"line":45,"column":7}},"16":{"start":{"line":44,"column":8},"end":{"line":44,"column":null}},"17":{"start":{"line":48,"column":30},"end":{"line":48,"column":60}},"18":{"start":{"line":49,"column":19},"end":{"line":54,"column":6}},"19":{"start":{"line":56,"column":4},"end":{"line":59,"column":null}},"20":{"start":{"line":61,"column":4},"end":{"line":61,"column":null}},"21":{"start":{"line":62,"column":4},"end":{"line":65,"column":null}}},"fnMap":{"0":{"name":"POST","decl":{"start":{"line":13,"column":22},"end":{"line":13,"column":26}},"loc":{"start":{"line":13,"column":43},"end":{"line":67,"column":1}}}},"branchMap":{"0":{"loc":{"start":{"line":19,"column":4},"end":{"line":21,"column":5}},"type":"if","locations":[{"start":{"line":19,"column":4},"end":{"line":21,"column":5}},{"start":{},"end":{}}]},"1":{"loc":{"start":{"line":26,"column":4},"end":{"line":31,"column":5}},"type":"if","locations":[{"start":{"line":26,"column":4},"end":{"line":31,"column":5}},{"start":{},"end":{}}]},"2":{"loc":{"start":{"line":26,"column":8},"end":{"line":26,"column":30}},"type":"binary-expr","locations":[{"start":{"line":26,"column":8},"end":{"line":26,"column":19}},{"start":{"line":26,"column":23},"end":{"line":26,"column":30}}]},"3":{"loc":{"start":{"line":34,"column":4},"end":{"line":46,"column":5}},"type":"if","locations":[{"start":{"line":34,"column":4},"end":{"line":46,"column":5}},{"start":{},"end":{}}]},"4":{"loc":{"start":{"line":35,"column":6},"end":{"line":42,"column":7}},"type":"if","locations":[{"start":{"line":35,"column":6},"end":{"line":42,"column":7}},{"start":{},"end":{}}]},"5":{"loc":{"start":{"line":41,"column":19},"end":{"line":41,"column":94}},"type":"cond-expr","locations":[{"start":{"line":41,"column":55},"end":{"line":41,"column":79}},{"start":{"line":41,"column":82},"end":{"line":41,"column":94}}]},"6":{"loc":{"start":{"line":43,"column":6},"end":{"line":45,"column":7}},"type":"if","locations":[{"start":{"line":43,"column":6},"end":{"line":45,"column":7}},{"start":{},"end":{}}]},"7":{"loc":{"start":{"line":63,"column":15},"end":{"line":63,"column":55}},"type":"binary-expr","locations":[{"start":{"line":63,"column":15},"end":{"line":63,"column":28}},{"start":{"line":63,"column":32},"end":{"line":63,"column":55}}]}},"s":{"0":6,"1":6,"2":6,"3":6,"4":6,"5":1,"6":5,"7":5,"8":5,"9":1,"10":4,"11":4,"12":2,"13":1,"14":1,"15":2,"16":1,"17":3,"18":3,"19":2,"20":1,"21":1},"f":{"0":6},"b":{"0":[1,5],"1":[1,4],"2":[5,5],"3":[2,2],"4":[1,1],"5":[1,0],"6":[1,1],"7":[1,0]}}
,"/home/itlight/dev/hermes-cms/apps/content-management-engine/src/services/deployment_service.ts": {"path":"/home/itlight/dev/hermes-cms/apps/content-management-engine/src/services/deployment_service.ts","statementMap":{"0":{"start":{"line":15,"column":4},"end":{"line":15,"column":null}},"1":{"start":{"line":25,"column":4},"end":{"line":89,"column":5}},"2":{"start":{"line":26,"column":19},"end":{"line":31,"column":8}},"3":{"start":{"line":33,"column":6},"end":{"line":33,"column":null}},"4":{"start":{"line":33,"column":17},"end":{"line":33,"column":null}},"5":{"start":{"line":36,"column":6},"end":{"line":44,"column":null}},"6":{"start":{"line":47,"column":6},"end":{"line":47,"column":null}},"7":{"start":{"line":49,"column":30},"end":{"line":49,"column":74}},"8":{"start":{"line":53,"column":6},"end":{"line":72,"column":null}},"9":{"start":{"line":54,"column":8},"end":{"line":71,"column":9}},"10":{"start":{"line":55,"column":27},"end":{"line":55,"column":113}},"11":{"start":{"line":56,"column":23},"end":{"line":56,"column":72}},"12":{"start":{"line":57,"column":30},"end":{"line":57,"column":109}},"13":{"start":{"line":59,"column":10},"end":{"line":67,"column":null}},"14":{"start":{"line":68,"column":10},"end":{"line":68,"column":null}},"15":{"start":{"line":70,"column":10},"end":{"line":70,"column":null}},"16":{"start":{"line":75,"column":6},"end":{"line":75,"column":null}},"17":{"start":{"line":76,"column":6},"end":{"line":88,"column":7}},"18":{"start":{"line":77,"column":8},"end":{"line":85,"column":null}},"19":{"start":{"line":108,"column":18},"end":{"line":112,"column":6}},"20":{"start":{"line":114,"column":4},"end":{"line":116,"column":5}},"21":{"start":{"line":115,"column":6},"end":{"line":115,"column":null}},"22":{"start":{"line":118,"column":25},"end":{"line":118,"column":87}},"23":{"start":{"line":119,"column":4},"end":{"line":121,"column":5}},"24":{"start":{"line":120,"column":6},"end":{"line":120,"column":null}},"25":{"start":{"line":124,"column":22},"end":{"line":129,"column":6}},"26":{"start":{"line":131,"column":4},"end":{"line":133,"column":5}},"27":{"start":{"line":132,"column":6},"end":{"line":132,"column":null}},"28":{"start":{"line":135,"column":29},"end":{"line":135,"column":131}},"29":{"start":{"line":136,"column":4},"end":{"line":138,"column":5}},"30":{"start":{"line":137,"column":6},"end":{"line":137,"column":null}},"31":{"start":{"line":140,"column":28},"end":{"line":140,"column":61}},"32":{"start":{"line":141,"column":23},"end":{"line":141,"column":86}},"33":{"start":{"line":142,"column":4},"end":{"line":144,"column":5}},"34":{"start":{"line":143,"column":6},"end":{"line":143,"column":null}},"35":{"start":{"line":147,"column":24},"end":{"line":158,"column":6}},"36":{"start":{"line":160,"column":4},"end":{"line":206,"column":5}},"37":{"start":{"line":162,"column":26},"end":{"line":166,"column":null}},"38":{"start":{"line":169,"column":6},"end":{"line":181,"column":7}},"39":{"start":{"line":170,"column":25},"end":{"line":174,"column":10}},"40":{"start":{"line":176,"column":8},"end":{"line":178,"column":9}},"41":{"start":{"line":177,"column":10},"end":{"line":177,"column":null}},"42":{"start":{"line":180,"column":8},"end":{"line":180,"column":null}},"43":{"start":{"line":184,"column":6},"end":{"line":192,"column":null}},"44":{"start":{"line":194,"column":6},"end":{"line":194,"column":null}},"45":{"start":{"line":196,"column":6},"end":{"line":196,"column":null}},"46":{"start":{"line":197,"column":6},"end":{"line":204,"column":null}},"47":{"start":{"line":205,"column":6},"end":{"line":205,"column":null}}},"fnMap":{"0":{"name":"(anonymous_0)","decl":{"start":{"line":14,"column":2},"end":{"line":14,"column":14}},"loc":{"start":{"line":14,"column":30},"end":{"line":16,"column":3}}},"1":{"name":"(anonymous_1)","decl":{"start":{"line":24,"column":2},"end":{"line":24,"column":7}},"loc":{"start":{"line":24,"column":89},"end":{"line":90,"column":3}}},"2":{"name":"(anonymous_2)","decl":{"start":{"line":53,"column":17},"end":{"line":53,"column":22}},"loc":{"start":{"line":53,"column":28},"end":{"line":72,"column":7}}},"3":{"name":"(anonymous_3)","decl":{"start":{"line":96,"column":2},"end":{"line":96,"column":7}},"loc":{"start":{"line":106,"column":3},"end":{"line":207,"column":3}}}},"branchMap":{"0":{"loc":{"start":{"line":26,"column":19},"end":{"line":31,"column":8}},"type":"binary-expr","locations":[{"start":{"line":26,"column":19},"end":{"line":26,"column":22}},{"start":{"line":26,"column":26},"end":{"line":31,"column":8}}]},"1":{"loc":{"start":{"line":33,"column":6},"end":{"line":33,"column":null}},"type":"if","locations":[{"start":{"line":33,"column":6},"end":{"line":33,"column":null}},{"start":{},"end":{}}]},"2":{"loc":{"start":{"line":49,"column":30},"end":{"line":49,"column":74}},"type":"cond-expr","locations":[{"start":{"line":49,"column":64},"end":{"line":49,"column":67}},{"start":{"line":49,"column":70},"end":{"line":49,"column":74}}]},"3":{"loc":{"start":{"line":55,"column":27},"end":{"line":55,"column":113}},"type":"cond-expr","locations":[{"start":{"line":55,"column":85},"end":{"line":55,"column":99}},{"start":{"line":55,"column":102},"end":{"line":55,"column":113}}]},"4":{"loc":{"start":{"line":55,"column":27},"end":{"line":55,"column":82}},"type":"binary-expr","locations":[{"start":{"line":55,"column":27},"end":{"line":55,"column":58}},{"start":{"line":55,"column":62},"end":{"line":55,"column":82}}]},"5":{"loc":{"start":{"line":56,"column":23},"end":{"line":56,"column":72}},"type":"cond-expr","locations":[{"start":{"line":56,"column":61},"end":{"line":56,"column":65}},{"start":{"line":56,"column":68},"end":{"line":56,"column":72}}]},"6":{"loc":{"start":{"line":57,"column":30},"end":{"line":57,"column":109}},"type":"cond-expr","locations":[{"start":{"line":57,"column":44},"end":{"line":57,"column":68}},{"start":{"line":57,"column":71},"end":{"line":57,"column":109}}]},"7":{"loc":{"start":{"line":114,"column":4},"end":{"line":116,"column":5}},"type":"if","locations":[{"start":{"line":114,"column":4},"end":{"line":116,"column":5}},{"start":{},"end":{}}]},"8":{"loc":{"start":{"line":118,"column":25},"end":{"line":118,"column":87}},"type":"cond-expr","locations":[{"start":{"line":118,"column":59},"end":{"line":118,"column":73}},{"start":{"line":118,"column":76},"end":{"line":118,"column":87}}]},"9":{"loc":{"start":{"line":119,"column":4},"end":{"line":121,"column":5}},"type":"if","locations":[{"start":{"line":119,"column":4},"end":{"line":121,"column":5}},{"start":{},"end":{}}]},"10":{"loc":{"start":{"line":131,"column":4},"end":{"line":133,"column":5}},"type":"if","locations":[{"start":{"line":131,"column":4},"end":{"line":133,"column":5}},{"start":{},"end":{}}]},"11":{"loc":{"start":{"line":135,"column":29},"end":{"line":135,"column":131}},"type":"cond-expr","locations":[{"start":{"line":135,"column":95},"end":{"line":135,"column":113}},{"start":{"line":135,"column":116},"end":{"line":135,"column":131}}]},"12":{"loc":{"start":{"line":135,"column":29},"end":{"line":135,"column":92}},"type":"binary-expr","locations":[{"start":{"line":135,"column":29},"end":{"line":135,"column":64}},{"start":{"line":135,"column":68},"end":{"line":135,"column":92}}]},"13":{"loc":{"start":{"line":136,"column":4},"end":{"line":138,"column":5}},"type":"if","locations":[{"start":{"line":136,"column":4},"end":{"line":138,"column":5}},{"start":{},"end":{}}]},"14":{"loc":{"start":{"line":136,"column":8},"end":{"line":136,"column":75}},"type":"binary-expr","locations":[{"start":{"line":136,"column":8},"end":{"line":136,"column":26}},{"start":{"line":136,"column":30},"end":{"line":136,"column":75}}]},"15":{"loc":{"start":{"line":142,"column":4},"end":{"line":144,"column":5}},"type":"if","locations":[{"start":{"line":142,"column":4},"end":{"line":144,"column":5}},{"start":{},"end":{}}]},"16":{"loc":{"start":{"line":169,"column":6},"end":{"line":181,"column":7}},"type":"if","locations":[{"start":{"line":169,"column":6},"end":{"line":181,"column":7}},{"start":{"line":179,"column":13},"end":{"line":181,"column":7}}]},"17":{"loc":{"start":{"line":176,"column":8},"end":{"line":178,"column":9}},"type":"if","locations":[{"start":{"line":176,"column":8},"end":{"line":178,"column":9}},{"start":{},"end":{}}]}},"s":{"0":17,"1":5,"2":5,"3":5,"4":0,"5":5,"6":5,"7":5,"8":5,"9":5,"10":5,"11":5,"12":5,"13":5,"14":5,"15":0,"16":0,"17":0,"18":0,"19":11,"20":10,"21":0,"22":10,"23":10,"24":1,"25":9,"26":8,"27":0,"28":8,"29":8,"30":1,"31":7,"32":7,"33":7,"34":1,"35":6,"36":6,"37":6,"38":6,"39":5,"40":5,"41":1,"42":1,"43":5,"44":5,"45":1,"46":1,"47":1},"f":{"0":17,"1":5,"2":5,"3":11},"b":{"0":[5,0],"1":[0,5],"2":[5,0],"3":[5,0],"4":[5,5],"5":[0,5],"6":[0,5],"7":[0,10],"8":[10,0],"9":[1,9],"10":[0,8],"11":[8,0],"12":[8,8],"13":[1,7],"14":[8,7],"15":[1,6],"16":[5,1],"17":[1,4]}}
}
