TN:
SF:src/app/(payload)/api/templates/deploy/route.ts
FN:13,POST
FNF:1
FNH:1
FNDA:6,POST
DA:14,6
DA:15,6
DA:16,6
DA:17,6
DA:19,6
DA:20,1
DA:23,5
DA:24,5
DA:26,5
DA:27,1
DA:33,4
DA:34,4
DA:35,2
DA:36,1
DA:41,1
DA:43,2
DA:44,1
DA:48,3
DA:49,3
DA:56,2
DA:61,1
DA:62,1
LF:22
LH:22
BRDA:19,0,0,1
BRDA:19,0,1,5
BRDA:26,1,0,1
BRDA:26,1,1,4
BRDA:26,2,0,5
BRDA:26,2,1,5
BRDA:34,3,0,2
BRDA:34,3,1,2
BRDA:35,4,0,1
BRDA:35,4,1,1
BRDA:41,5,0,1
BRDA:41,5,1,0
BRDA:43,6,0,1
BRDA:43,6,1,1
BRDA:63,7,0,1
BRDA:63,7,1,0
BRF:16
BRH:14
end_of_record
TN:
SF:src/services/deployment_service.ts
FN:14,(anonymous_0)
FN:24,(anonymous_1)
FN:53,(anonymous_2)
FN:96,(anonymous_3)
FNF:4
FNH:4
FNDA:17,(anonymous_0)
FNDA:5,(anonymous_1)
FNDA:5,(anonymous_2)
FNDA:11,(anonymous_3)
DA:15,17
DA:25,5
DA:26,5
DA:33,5
DA:36,5
DA:47,5
DA:49,5
DA:53,5
DA:54,5
DA:55,5
DA:56,5
DA:57,5
DA:59,5
DA:68,5
DA:70,0
DA:75,0
DA:76,0
DA:77,0
DA:108,11
DA:114,10
DA:115,0
DA:118,10
DA:119,10
DA:120,1
DA:124,9
DA:131,8
DA:132,0
DA:135,8
DA:136,8
DA:137,1
DA:140,7
DA:141,7
DA:142,7
DA:143,1
DA:147,6
DA:160,6
DA:162,6
DA:169,6
DA:170,5
DA:176,5
DA:177,1
DA:180,1
DA:184,5
DA:194,5
DA:196,1
DA:197,1
DA:205,1
LF:47
LH:41
BRDA:26,0,0,5
BRDA:26,0,1,0
BRDA:33,1,0,0
BRDA:33,1,1,5
BRDA:49,2,0,5
BRDA:49,2,1,0
BRDA:55,3,0,5
BRDA:55,3,1,0
BRDA:55,4,0,5
BRDA:55,4,1,5
BRDA:56,5,0,0
BRDA:56,5,1,5
BRDA:57,6,0,0
BRDA:57,6,1,5
BRDA:114,7,0,0
BRDA:114,7,1,10
BRDA:118,8,0,10
BRDA:118,8,1,0
BRDA:119,9,0,1
BRDA:119,9,1,9
BRDA:131,10,0,0
BRDA:131,10,1,8
BRDA:135,11,0,8
BRDA:135,11,1,0
BRDA:135,12,0,8
BRDA:135,12,1,8
BRDA:136,13,0,1
BRDA:136,13,1,7
BRDA:136,14,0,8
BRDA:136,14,1,7
BRDA:142,15,0,1
BRDA:142,15,1,6
BRDA:169,16,0,5
BRDA:169,16,1,1
BRDA:176,17,0,1
BRDA:176,17,1,4
BRF:36
BRH:26
end_of_record
